<?xml version="1.0" encoding="UTF-8"?>
<testsuite xmlns:xsi="http://www.w3.org/2001/XMLSchema-instance" xsi:noNamespaceSchemaLocation="https://maven.apache.org/surefire/maven-surefire-plugin/xsd/surefire-test-report-3.0.xsd" version="3.0" name="org.example.AppTest" time="0.0" tests="1" errors="0" skipped="0" failures="0">
  <properties>
    <property name="java.specification.version" value="17"/>
    <property name="sun.cpu.isalist" value="amd64"/>
    <property name="sun.jnu.encoding" value="GBK"/>
    <property name="java.class.path" value="E:\计算机自学指南\java\Java-learning\code\mavenProject\maven-project01\target\test-classes;E:\计算机自学指南\java\Java-learning\code\mavenProject\maven-project01\target\classes;D:\develop\maven\apache-maven-3.9.6\mvn_repo\junit\junit\4.13.2\junit-4.13.2.jar;D:\develop\maven\apache-maven-3.9.6\mvn_repo\org\hamcrest\hamcrest-core\1.3\hamcrest-core-1.3.jar;D:\develop\maven\apache-maven-3.9.6\mvn_repo\ch\qos\logback\logback-classic\1.2.10\logback-classic-1.2.10.jar;D:\develop\maven\apache-maven-3.9.6\mvn_repo\ch\qos\logback\logback-core\1.2.10\logback-core-1.2.10.jar;D:\develop\maven\apache-maven-3.9.6\mvn_repo\org\slf4j\slf4j-api\1.7.32\slf4j-api-1.7.32.jar;"/>
    <property name="java.vm.vendor" value="Oracle Corporation"/>
    <property name="sun.arch.data.model" value="64"/>
    <property name="user.variant" value=""/>
    <property name="java.vendor.url" value="https://java.oracle.com/"/>
    <property name="user.timezone" value="Asia/Shanghai"/>
    <property name="os.name" value="Windows 10"/>
    <property name="java.vm.specification.version" value="17"/>
    <property name="sun.java.launcher" value="SUN_STANDARD"/>
    <property name="user.country" value="CN"/>
    <property name="sun.boot.library.path" value="D:\Java_tools\jdk\bin"/>
    <property name="sun.java.command" value="C:\Users\210826\AppData\Local\Temp\surefire3663406092901841323\surefirebooter-20231204214722626_3.jar C:\Users\210826\AppData\Local\Temp\surefire3663406092901841323 2023-12-04T21-47-22_480-jvmRun1 surefire-20231204214722626_1tmp surefire_0-20231204214722626_2tmp"/>
    <property name="jdk.debug" value="release"/>
    <property name="surefire.test.class.path" value="E:\计算机自学指南\java\Java-learning\code\mavenProject\maven-project01\target\test-classes;E:\计算机自学指南\java\Java-learning\code\mavenProject\maven-project01\target\classes;D:\develop\maven\apache-maven-3.9.6\mvn_repo\junit\junit\4.13.2\junit-4.13.2.jar;D:\develop\maven\apache-maven-3.9.6\mvn_repo\org\hamcrest\hamcrest-core\1.3\hamcrest-core-1.3.jar;D:\develop\maven\apache-maven-3.9.6\mvn_repo\ch\qos\logback\logback-classic\1.2.10\logback-classic-1.2.10.jar;D:\develop\maven\apache-maven-3.9.6\mvn_repo\ch\qos\logback\logback-core\1.2.10\logback-core-1.2.10.jar;D:\develop\maven\apache-maven-3.9.6\mvn_repo\org\slf4j\slf4j-api\1.7.32\slf4j-api-1.7.32.jar;"/>
    <property name="sun.cpu.endian" value="little"/>
    <property name="user.home" value="C:\Users\210826"/>
    <property name="user.language" value="zh"/>
    <property name="java.specification.vendor" value="Oracle Corporation"/>
    <property name="java.version.date" value="2023-10-17"/>
    <property name="java.home" value="D:\Java_tools\jdk"/>
    <property name="file.separator" value="\"/>
    <property name="basedir" value="E:\计算机自学指南\java\Java-learning\code\mavenProject\maven-project01"/>
    <property name="java.vm.compressedOopsMode" value="Zero based"/>
    <property name="line.separator" value="&#10;"/>
    <property name="java.vm.specification.vendor" value="Oracle Corporation"/>
    <property name="java.specification.name" value="Java Platform API Specification"/>
    <property name="surefire.real.class.path" value="C:\Users\210826\AppData\Local\Temp\surefire3663406092901841323\surefirebooter-20231204214722626_3.jar"/>
    <property name="user.script" value=""/>
    <property name="sun.management.compiler" value="HotSpot 64-Bit Tiered Compilers"/>
    <property name="java.runtime.version" value="17.0.9+11-LTS-201"/>
    <property name="user.name" value="210826"/>
    <property name="path.separator" value=";"/>
    <property name="os.version" value="10.0"/>
    <property name="java.runtime.name" value="Java(TM) SE Runtime Environment"/>
    <property name="file.encoding" value="GBK"/>
    <property name="java.vm.name" value="Java HotSpot(TM) 64-Bit Server VM"/>
    <property name="localRepository" value="D:\develop\maven\apache-maven-3.9.6\mvn_repo"/>
    <property name="java.vendor.url.bug" value="https://bugreport.java.com/bugreport/"/>
    <property name="java.io.tmpdir" value="C:\Users\210826\AppData\Local\Temp\"/>
    <property name="idea.version" value="2023.2.5"/>
    <property name="java.version" value="17.0.9"/>
    <property name="user.dir" value="E:\计算机自学指南\java\Java-learning\code\mavenProject\maven-project01"/>
    <property name="os.arch" value="amd64"/>
    <property name="java.vm.specification.name" value="Java Virtual Machine Specification"/>
    <property name="sun.os.patch.level" value=""/>
    <property name="native.encoding" value="GBK"/>
    <property name="java.library.path" value="D:\Java_tools\jdk\bin;C:\WINDOWS\Sun\Java\bin;C:\WINDOWS\system32;C:\WINDOWS;D:\conda\conda\condabin;D:\Java_tools\jdk\bin;C:\Program Files\Microsoft MPI\Bin\;E:\虚拟机\bin\;C:\WINDOWS\system32;C:\WINDOWS;C:\WINDOWS\System32\Wbem;C:\WINDOWS\System32\WindowsPowerShell\v1.0\;C:\WINDOWS\System32\OpenSSH\;E:\Git\cmd;C:\Program Files\IDM Computer Solutions\UltraEdit;E:\VM\winxp\share\ue;D:\;C:\Program Files\Docker\Docker\resources\bin;D:\NodeJs\;E:\graphviz\bin;D:\OpenCV\opencv\build\x64\vc16\bin;D:\SQL\share_func\150\Tools\Binn\;D:\SQL\150\Tools\Binn\;D:\SQL\share_func\150\DTS\Binn\;D:\SQL\150\DTS\Binn\;D:\SQL\Client SDK\ODBC\170\Tools\Binn\;D:\SQL\share_func\160\DTS\Binn\;C:\Program Files\Azure Data Studio\bin;D:\matlab\bin;D:\develop\maven\apache-maven-3.9.6\bin;C:\Users\210826\.cargo\bin;E:\python\Scripts\;E:\python\;C:\Users\210826\AppData\Local\Microsoft\WindowsApps;D:\Microsoft VS Code\bin;C:\msys64\mingw64\bin;C:\Users\210826\AppData\Local\JetBrains\Toolbox\scripts;C:\msys64\usr\bin;C:\msys64\mingw64\bin;C:\Program Files\Google\Chrome\Application\chrome.exe;D:\TexLive\texlive\2022\bin\win32;C:\Program Files\Microsoft Visual Studio\2022\Community\VC\Tools\MSVC\14.31.31103\bin\Hostx64\x64;C:\Users\210826\AppData\Roaming\npm;E:\graphviz\bin;D:\conda\conda;D:\conda\conda\Scripts;D:\conda\conda\Library\bin;;C:\Program Files\Azure Data Studio\bin;D:\IDEA\IntelliJ IDEA 2023.2.5\bin;;."/>
    <property name="java.vm.info" value="mixed mode, sharing"/>
    <property name="java.vendor" value="Oracle Corporation"/>
    <property name="java.vm.version" value="17.0.9+11-LTS-201"/>
    <property name="sun.io.unicode.encoding" value="UnicodeLittle"/>
    <property name="java.class.version" value="61.0"/>
  </properties>
  <testcase name="testApp" classname="org.example.AppTest" time="0.0"/>
</testsuite>